INFO:root:Starting automation routine for 30 minutes
INFO:root:Starting resource collection
ERROR:root:Error finding/clicking gold_collector.png: Failed to read gold_collector.png because file is missing, has improper permissions, or is an unsupported or invalid format
ERROR:root:Error finding/clicking elixir_collector.png: Failed to read elixir_collector.png because file is missing, has improper permissions, or is an unsupported or invalid format
ERROR:root:Error finding/clicking dark_elixir_collector.png: Failed to read dark_elixir_collector.png because file is missing, has improper permissions, or is an unsupported or invalid format
INFO:root:Training 5 barbarian
ERROR:root:Error finding/clicking train_troops_button.png: Failed to read train_troops_button.png because file is missing, has improper permissions, or is an unsupported or invalid format
ERROR:root:Couldn't find training button
INFO:root:Training 5 archer
ERROR:root:Error finding/clicking train_troops_button.png: Failed to read train_troops_button.png because file is missing, has improper permissions, or is an unsupported or invalid format
ERROR:root:Couldn't find training button
INFO:root:Starting resource collection
ERROR:root:Error finding/clicking gold_collector.png: Failed to read gold_collector.png because file is missing, has improper permissions, or is an unsupported or invalid format
ERROR:root:Error finding/clicking elixir_collector.png: Failed to read elixir_collector.png because file is missing, has improper permissions, or is an unsupported or invalid format
ERROR:root:Error finding/clicking dark_elixir_collector.png: Failed to read dark_elixir_collector.png because file is missing, has improper permissions, or is an unsupported or invalid format
INFO:root:Training 5 barbarian
ERROR:root:Error finding/clicking train_troops_button.png: Failed to read train_troops_button.png because file is missing, has improper permissions, or is an unsupported or invalid format
ERROR:root:Couldn't find training button
INFO:root:Training 5 archer
ERROR:root:Error finding/clicking train_troops_button.png: Failed to read train_troops_button.png because file is missing, has improper permissions, or is an unsupported or invalid format
ERROR:root:Couldn't find training button
INFO:root:Starting resource collection
ERROR:root:Error finding/clicking gold_collector.png: Failed to read gold_collector.png because file is missing, has improper permissions, or is an unsupported or invalid format
ERROR:root:Error finding/clicking elixir_collector.png: Failed to read elixir_collector.png because file is missing, has improper permissions, or is an unsupported or invalid format
ERROR:root:Error finding/clicking dark_elixir_collector.png: Failed to read dark_elixir_collector.png because file is missing, has improper permissions, or is an unsupported or invalid format
INFO:root:Training 5 barbarian
ERROR:root:Error finding/clicking train_troops_button.png: Failed to read train_troops_button.png because file is missing, has improper permissions, or is an unsupported or invalid format
ERROR:root:Couldn't find training button
INFO:root:Training 5 archer
ERROR:root:Error finding/clicking train_troops_button.png: Failed to read train_troops_button.png because file is missing, has improper permissions, or is an unsupported or invalid format
ERROR:root:Couldn't find training button
INFO:root:Starting resource collection
ERROR:root:Error finding/clicking gold_collector.png: Failed to read gold_collector.png because file is missing, has improper permissions, or is an unsupported or invalid format
ERROR:root:Error finding/clicking elixir_collector.png: Failed to read elixir_collector.png because file is missing, has improper permissions, or is an unsupported or invalid format
ERROR:root:Error finding/clicking dark_elixir_collector.png: Failed to read dark_elixir_collector.png because file is missing, has improper permissions, or is an unsupported or invalid format
INFO:root:Training 5 barbarian
ERROR:root:Error finding/clicking train_troops_button.png: Failed to read train_troops_button.png because file is missing, has improper permissions, or is an unsupported or invalid format
ERROR:root:Couldn't find training button
INFO:root:Training 5 archer
ERROR:root:Error finding/clicking train_troops_button.png: Failed to read train_troops_button.png because file is missing, has improper permissions, or is an unsupported or invalid format
ERROR:root:Couldn't find training button
INFO:root:Starting resource collection
ERROR:root:Error finding/clicking gold_collector.png: Failed to read gold_collector.png because file is missing, has improper permissions, or is an unsupported or invalid format
ERROR:root:Error finding/clicking elixir_collector.png: Failed to read elixir_collector.png because file is missing, has improper permissions, or is an unsupported or invalid format
ERROR:root:Error finding/clicking dark_elixir_collector.png: Failed to read dark_elixir_collector.png because file is missing, has improper permissions, or is an unsupported or invalid format
INFO:root:Training 5 barbarian
ERROR:root:Error finding/clicking train_troops_button.png: Failed to read train_troops_button.png because file is missing, has improper permissions, or is an unsupported or invalid format
ERROR:root:Couldn't find training button
INFO:root:Training 5 archer
ERROR:root:Error finding/clicking train_troops_button.png: Failed to read train_troops_button.png because file is missing, has improper permissions, or is an unsupported or invalid format
ERROR:root:Couldn't find training button
INFO:root:Starting resource collection
ERROR:root:Error finding/clicking gold_collector.png: Failed to read gold_collector.png because file is missing, has improper permissions, or is an unsupported or invalid format
ERROR:root:Error finding/clicking elixir_collector.png: Failed to read elixir_collector.png because file is missing, has improper permissions, or is an unsupported or invalid format
ERROR:root:Error finding/clicking dark_elixir_collector.png: Failed to read dark_elixir_collector.png because file is missing, has improper permissions, or is an unsupported or invalid format
INFO:root:Training 5 barbarian
ERROR:root:Error finding/clicking train_troops_button.png: Failed to read train_troops_button.png because file is missing, has improper permissions, or is an unsupported or invalid format
ERROR:root:Couldn't find training button
INFO:root:Training 5 archer
ERROR:root:Error finding/clicking train_troops_button.png: Failed to read train_troops_button.png because file is missing, has improper permissions, or is an unsupported or invalid format
ERROR:root:Couldn't find training button
INFO:root:Starting resource collection
ERROR:root:Error finding/clicking gold_collector.png: Failed to read gold_collector.png because file is missing, has improper permissions, or is an unsupported or invalid format
ERROR:root:Error finding/clicking elixir_collector.png: Failed to read elixir_collector.png because file is missing, has improper permissions, or is an unsupported or invalid format
ERROR:root:Error finding/clicking dark_elixir_collector.png: Failed to read dark_elixir_collector.png because file is missing, has improper permissions, or is an unsupported or invalid format
INFO:root:Training 5 barbarian
ERROR:root:Error finding/clicking train_troops_button.png: Failed to read train_troops_button.png because file is missing, has improper permissions, or is an unsupported or invalid format
ERROR:root:Couldn't find training button
INFO:root:Training 5 archer
ERROR:root:Error finding/clicking train_troops_button.png: Failed to read train_troops_button.png because file is missing, has improper permissions, or is an unsupported or invalid format
ERROR:root:Couldn't find training button
INFO:root:Starting resource collection
ERROR:root:Error finding/clicking gold_collector.png: Failed to read gold_collector.png because file is missing, has improper permissions, or is an unsupported or invalid format
ERROR:root:Error finding/clicking elixir_collector.png: Failed to read elixir_collector.png because file is missing, has improper permissions, or is an unsupported or invalid format
ERROR:root:Error finding/clicking dark_elixir_collector.png: Failed to read dark_elixir_collector.png because file is missing, has improper permissions, or is an unsupported or invalid format
INFO:root:Training 5 barbarian
ERROR:root:Error finding/clicking train_troops_button.png: Failed to read train_troops_button.png because file is missing, has improper permissions, or is an unsupported or invalid format
ERROR:root:Couldn't find training button
INFO:root:Training 5 archer
ERROR:root:Error finding/clicking train_troops_button.png: Failed to read train_troops_button.png because file is missing, has improper permissions, or is an unsupported or invalid format
ERROR:root:Couldn't find training button
INFO:root:Starting resource collection
ERROR:root:Error finding/clicking gold_collector.png: Failed to read gold_collector.png because file is missing, has improper permissions, or is an unsupported or invalid format
ERROR:root:Error finding/clicking elixir_collector.png: Failed to read elixir_collector.png because file is missing, has improper permissions, or is an unsupported or invalid format
ERROR:root:Error finding/clicking dark_elixir_collector.png: Failed to read dark_elixir_collector.png because file is missing, has improper permissions, or is an unsupported or invalid format
INFO:root:Training 5 barbarian
ERROR:root:Error finding/clicking train_troops_button.png: Failed to read train_troops_button.png because file is missing, has improper permissions, or is an unsupported or invalid format
ERROR:root:Couldn't find training button
INFO:root:Training 5 archer
ERROR:root:Error finding/clicking train_troops_button.png: Failed to read train_troops_button.png because file is missing, has improper permissions, or is an unsupported or invalid format
ERROR:root:Couldn't find training button
INFO:root:Starting resource collection
ERROR:root:Error finding/clicking gold_collector.png: Failed to read gold_collector.png because file is missing, has improper permissions, or is an unsupported or invalid format
ERROR:root:Error finding/clicking elixir_collector.png: Failed to read elixir_collector.png because file is missing, has improper permissions, or is an unsupported or invalid format
ERROR:root:Error finding/clicking dark_elixir_collector.png: Failed to read dark_elixir_collector.png because file is missing, has improper permissions, or is an unsupported or invalid format
INFO:root:Training 5 barbarian
ERROR:root:Error finding/clicking train_troops_button.png: Failed to read train_troops_button.png because file is missing, has improper permissions, or is an unsupported or invalid format
ERROR:root:Couldn't find training button
INFO:root:Training 5 archer
ERROR:root:Error finding/clicking train_troops_button.png: Failed to read train_troops_button.png because file is missing, has improper permissions, or is an unsupported or invalid format
ERROR:root:Couldn't find training button
INFO:root:Starting resource collection
ERROR:root:Error finding/clicking gold_collector.png: Failed to read gold_collector.png because file is missing, has improper permissions, or is an unsupported or invalid format
ERROR:root:Error finding/clicking elixir_collector.png: Failed to read elixir_collector.png because file is missing, has improper permissions, or is an unsupported or invalid format
ERROR:root:Error finding/clicking dark_elixir_collector.png: Failed to read dark_elixir_collector.png because file is missing, has improper permissions, or is an unsupported or invalid format
INFO:root:Training 5 barbarian
ERROR:root:Error finding/clicking train_troops_button.png: Failed to read train_troops_button.png because file is missing, has improper permissions, or is an unsupported or invalid format
ERROR:root:Couldn't find training button
INFO:root:Training 5 archer
ERROR:root:Error finding/clicking train_troops_button.png: Failed to read train_troops_button.png because file is missing, has improper permissions, or is an unsupported or invalid format
ERROR:root:Couldn't find training button
INFO:root:Automation stopped by user
INFO:root:Automation routine completed
INFO:root:Starting automation routine for 30 minutes
INFO:root:Starting resource collection
ERROR:root:Error finding/clicking gold_collector.png: Failed to read gold_collector.png because file is missing, has improper permissions, or is an unsupported or invalid format
ERROR:root:Error finding/clicking elixir_collector.png: Failed to read elixir_collector.png because file is missing, has improper permissions, or is an unsupported or invalid format
ERROR:root:Error finding/clicking dark_elixir_collector.png: Failed to read dark_elixir_collector.png because file is missing, has improper permissions, or is an unsupported or invalid format
INFO:root:Training 5 barbarian
ERROR:root:Error finding/clicking train_troops_button.png: Failed to read train_troops_button.png because file is missing, has improper permissions, or is an unsupported or invalid format
ERROR:root:Couldn't find training button
INFO:root:Training 5 archer
ERROR:root:Error finding/clicking train_troops_button.png: Failed to read train_troops_button.png because file is missing, has improper permissions, or is an unsupported or invalid format
ERROR:root:Couldn't find training button
INFO:root:Starting resource collection
ERROR:root:Error finding/clicking gold_collector.png: Failed to read gold_collector.png because file is missing, has improper permissions, or is an unsupported or invalid format
ERROR:root:Error finding/clicking elixir_collector.png: Failed to read elixir_collector.png because file is missing, has improper permissions, or is an unsupported or invalid format
ERROR:root:Error finding/clicking dark_elixir_collector.png: Failed to read dark_elixir_collector.png because file is missing, has improper permissions, or is an unsupported or invalid format
INFO:root:Training 5 barbarian
ERROR:root:Error finding/clicking train_troops_button.png: Failed to read train_troops_button.png because file is missing, has improper permissions, or is an unsupported or invalid format
ERROR:root:Couldn't find training button
INFO:root:Training 5 archer
ERROR:root:Error finding/clicking train_troops_button.png: Failed to read train_troops_button.png because file is missing, has improper permissions, or is an unsupported or invalid format
ERROR:root:Couldn't find training button
INFO:root:Starting resource collection
ERROR:root:Error finding/clicking gold_collector.png: Failed to read gold_collector.png because file is missing, has improper permissions, or is an unsupported or invalid format
ERROR:root:Error finding/clicking elixir_collector.png: Failed to read elixir_collector.png because file is missing, has improper permissions, or is an unsupported or invalid format
ERROR:root:Error finding/clicking dark_elixir_collector.png: Failed to read dark_elixir_collector.png because file is missing, has improper permissions, or is an unsupported or invalid format
INFO:root:Training 5 barbarian
ERROR:root:Error finding/clicking train_troops_button.png: Failed to read train_troops_button.png because file is missing, has improper permissions, or is an unsupported or invalid format
ERROR:root:Couldn't find training button
INFO:root:Training 5 archer
ERROR:root:Error finding/clicking train_troops_button.png: Failed to read train_troops_button.png because file is missing, has improper permissions, or is an unsupported or invalid format
ERROR:root:Couldn't find training button
INFO:root:Starting resource collection
ERROR:root:Error finding/clicking gold_collector.png: Failed to read gold_collector.png because file is missing, has improper permissions, or is an unsupported or invalid format
ERROR:root:Error finding/clicking elixir_collector.png: Failed to read elixir_collector.png because file is missing, has improper permissions, or is an unsupported or invalid format
ERROR:root:Error finding/clicking dark_elixir_collector.png: Failed to read dark_elixir_collector.png because file is missing, has improper permissions, or is an unsupported or invalid format
INFO:root:Training 5 barbarian
ERROR:root:Error finding/clicking train_troops_button.png: Failed to read train_troops_button.png because file is missing, has improper permissions, or is an unsupported or invalid format
ERROR:root:Couldn't find training button
INFO:root:Training 5 archer
ERROR:root:Error finding/clicking train_troops_button.png: Failed to read train_troops_button.png because file is missing, has improper permissions, or is an unsupported or invalid format
ERROR:root:Couldn't find training button
INFO:root:Starting resource collection
ERROR:root:Error finding/clicking gold_collector.png: Failed to read gold_collector.png because file is missing, has improper permissions, or is an unsupported or invalid format
ERROR:root:Error finding/clicking elixir_collector.png: Failed to read elixir_collector.png because file is missing, has improper permissions, or is an unsupported or invalid format
ERROR:root:Error finding/clicking dark_elixir_collector.png: Failed to read dark_elixir_collector.png because file is missing, has improper permissions, or is an unsupported or invalid format
INFO:root:Training 5 barbarian
ERROR:root:Error finding/clicking train_troops_button.png: Failed to read train_troops_button.png because file is missing, has improper permissions, or is an unsupported or invalid format
ERROR:root:Couldn't find training button
INFO:root:Training 5 archer
ERROR:root:Error finding/clicking train_troops_button.png: Failed to read train_troops_button.png because file is missing, has improper permissions, or is an unsupported or invalid format
ERROR:root:Couldn't find training button
INFO:root:Starting resource collection
ERROR:root:Error finding/clicking gold_collector.png: Failed to read gold_collector.png because file is missing, has improper permissions, or is an unsupported or invalid format
ERROR:root:Error finding/clicking elixir_collector.png: Failed to read elixir_collector.png because file is missing, has improper permissions, or is an unsupported or invalid format
ERROR:root:Error finding/clicking dark_elixir_collector.png: Failed to read dark_elixir_collector.png because file is missing, has improper permissions, or is an unsupported or invalid format
INFO:root:Training 5 barbarian
ERROR:root:Error finding/clicking train_troops_button.png: Failed to read train_troops_button.png because file is missing, has improper permissions, or is an unsupported or invalid format
ERROR:root:Couldn't find training button
INFO:root:Training 5 archer
ERROR:root:Error finding/clicking train_troops_button.png: Failed to read train_troops_button.png because file is missing, has improper permissions, or is an unsupported or invalid format
ERROR:root:Couldn't find training button
INFO:root:Starting resource collection
ERROR:root:Error finding/clicking gold_collector.png: Failed to read gold_collector.png because file is missing, has improper permissions, or is an unsupported or invalid format
ERROR:root:Error finding/clicking elixir_collector.png: Failed to read elixir_collector.png because file is missing, has improper permissions, or is an unsupported or invalid format
ERROR:root:Error finding/clicking dark_elixir_collector.png: Failed to read dark_elixir_collector.png because file is missing, has improper permissions, or is an unsupported or invalid format
INFO:root:Training 5 barbarian
ERROR:root:Error finding/clicking train_troops_button.png: Failed to read train_troops_button.png because file is missing, has improper permissions, or is an unsupported or invalid format
ERROR:root:Couldn't find training button
INFO:root:Training 5 archer
ERROR:root:Error finding/clicking train_troops_button.png: Failed to read train_troops_button.png because file is missing, has improper permissions, or is an unsupported or invalid format
ERROR:root:Couldn't find training button
INFO:root:Starting resource collection
ERROR:root:Error finding/clicking gold_collector.png: Failed to read gold_collector.png because file is missing, has improper permissions, or is an unsupported or invalid format
ERROR:root:Error finding/clicking elixir_collector.png: Failed to read elixir_collector.png because file is missing, has improper permissions, or is an unsupported or invalid format
ERROR:root:Error finding/clicking dark_elixir_collector.png: Failed to read dark_elixir_collector.png because file is missing, has improper permissions, or is an unsupported or invalid format
INFO:root:Training 5 barbarian
ERROR:root:Error finding/clicking train_troops_button.png: Failed to read train_troops_button.png because file is missing, has improper permissions, or is an unsupported or invalid format
ERROR:root:Couldn't find training button
INFO:root:Training 5 archer
ERROR:root:Error finding/clicking train_troops_button.png: Failed to read train_troops_button.png because file is missing, has improper permissions, or is an unsupported or invalid format
ERROR:root:Couldn't find training button
INFO:root:Starting resource collection
ERROR:root:Error finding/clicking gold_collector.png: Failed to read gold_collector.png because file is missing, has improper permissions, or is an unsupported or invalid format
ERROR:root:Error finding/clicking elixir_collector.png: Failed to read elixir_collector.png because file is missing, has improper permissions, or is an unsupported or invalid format
ERROR:root:Error finding/clicking dark_elixir_collector.png: Failed to read dark_elixir_collector.png because file is missing, has improper permissions, or is an unsupported or invalid format
INFO:root:Training 5 barbarian
ERROR:root:Error finding/clicking train_troops_button.png: Failed to read train_troops_button.png because file is missing, has improper permissions, or is an unsupported or invalid format
ERROR:root:Couldn't find training button
INFO:root:Training 5 archer
ERROR:root:Error finding/clicking train_troops_button.png: Failed to read train_troops_button.png because file is missing, has improper permissions, or is an unsupported or invalid format
ERROR:root:Couldn't find training button
INFO:root:Starting resource collection
ERROR:root:Error finding/clicking gold_collector.png: Failed to read gold_collector.png because file is missing, has improper permissions, or is an unsupported or invalid format
ERROR:root:Error finding/clicking elixir_collector.png: Failed to read elixir_collector.png because file is missing, has improper permissions, or is an unsupported or invalid format
ERROR:root:Error finding/clicking dark_elixir_collector.png: Failed to read dark_elixir_collector.png because file is missing, has improper permissions, or is an unsupported or invalid format
INFO:root:Training 5 barbarian
ERROR:root:Error finding/clicking train_troops_button.png: Failed to read train_troops_button.png because file is missing, has improper permissions, or is an unsupported or invalid format
ERROR:root:Couldn't find training button
INFO:root:Training 5 archer
ERROR:root:Error finding/clicking train_troops_button.png: Failed to read train_troops_button.png because file is missing, has improper permissions, or is an unsupported or invalid format
ERROR:root:Couldn't find training button
INFO:root:Starting resource collection
ERROR:root:Error finding/clicking gold_collector.png: Failed to read gold_collector.png because file is missing, has improper permissions, or is an unsupported or invalid format
ERROR:root:Error finding/clicking elixir_collector.png: Failed to read elixir_collector.png because file is missing, has improper permissions, or is an unsupported or invalid format
ERROR:root:Error finding/clicking dark_elixir_collector.png: Failed to read dark_elixir_collector.png because file is missing, has improper permissions, or is an unsupported or invalid format
INFO:root:Training 5 barbarian
ERROR:root:Error finding/clicking train_troops_button.png: Failed to read train_troops_button.png because file is missing, has improper permissions, or is an unsupported or invalid format
ERROR:root:Couldn't find training button
INFO:root:Training 5 archer
ERROR:root:Error finding/clicking train_troops_button.png: Failed to read train_troops_button.png because file is missing, has improper permissions, or is an unsupported or invalid format
ERROR:root:Couldn't find training button
INFO:root:Starting resource collection
ERROR:root:Error finding/clicking gold_collector.png: Failed to read gold_collector.png because file is missing, has improper permissions, or is an unsupported or invalid format
ERROR:root:Error finding/clicking elixir_collector.png: Failed to read elixir_collector.png because file is missing, has improper permissions, or is an unsupported or invalid format
ERROR:root:Error finding/clicking dark_elixir_collector.png: Failed to read dark_elixir_collector.png because file is missing, has improper permissions, or is an unsupported or invalid format
INFO:root:Training 5 barbarian
ERROR:root:Error finding/clicking train_troops_button.png: Failed to read train_troops_button.png because file is missing, has improper permissions, or is an unsupported or invalid format
ERROR:root:Couldn't find training button
INFO:root:Training 5 archer
ERROR:root:Error finding/clicking train_troops_button.png: Failed to read train_troops_button.png because file is missing, has improper permissions, or is an unsupported or invalid format
ERROR:root:Couldn't find training button
INFO:root:Starting resource collection
ERROR:root:Error finding/clicking gold_collector.png: Failed to read gold_collector.png because file is missing, has improper permissions, or is an unsupported or invalid format
ERROR:root:Error finding/clicking elixir_collector.png: Failed to read elixir_collector.png because file is missing, has improper permissions, or is an unsupported or invalid format
ERROR:root:Error finding/clicking dark_elixir_collector.png: Failed to read dark_elixir_collector.png because file is missing, has improper permissions, or is an unsupported or invalid format
INFO:root:Training 5 barbarian
ERROR:root:Error finding/clicking train_troops_button.png: Failed to read train_troops_button.png because file is missing, has improper permissions, or is an unsupported or invalid format
ERROR:root:Couldn't find training button
INFO:root:Training 5 archer
ERROR:root:Error finding/clicking train_troops_button.png: Failed to read train_troops_button.png because file is missing, has improper permissions, or is an unsupported or invalid format
ERROR:root:Couldn't find training button
INFO:root:Starting resource collection
ERROR:root:Error finding/clicking gold_collector.png: Failed to read gold_collector.png because file is missing, has improper permissions, or is an unsupported or invalid format
ERROR:root:Error finding/clicking elixir_collector.png: Failed to read elixir_collector.png because file is missing, has improper permissions, or is an unsupported or invalid format
ERROR:root:Error finding/clicking dark_elixir_collector.png: Failed to read dark_elixir_collector.png because file is missing, has improper permissions, or is an unsupported or invalid format
INFO:root:Training 5 barbarian
ERROR:root:Error finding/clicking train_troops_button.png: Failed to read train_troops_button.png because file is missing, has improper permissions, or is an unsupported or invalid format
ERROR:root:Couldn't find training button
INFO:root:Training 5 archer
ERROR:root:Error finding/clicking train_troops_button.png: Failed to read train_troops_button.png because file is missing, has improper permissions, or is an unsupported or invalid format
ERROR:root:Couldn't find training button
INFO:root:Starting resource collection
ERROR:root:Error finding/clicking gold_collector.png: Failed to read gold_collector.png because file is missing, has improper permissions, or is an unsupported or invalid format
ERROR:root:Error finding/clicking elixir_collector.png: Failed to read elixir_collector.png because file is missing, has improper permissions, or is an unsupported or invalid format
ERROR:root:Error finding/clicking dark_elixir_collector.png: Failed to read dark_elixir_collector.png because file is missing, has improper permissions, or is an unsupported or invalid format
INFO:root:Training 5 barbarian
ERROR:root:Error finding/clicking train_troops_button.png: Failed to read train_troops_button.png because file is missing, has improper permissions, or is an unsupported or invalid format
ERROR:root:Couldn't find training button
INFO:root:Training 5 archer
ERROR:root:Error finding/clicking train_troops_button.png: Failed to read train_troops_button.png because file is missing, has improper permissions, or is an unsupported or invalid format
ERROR:root:Couldn't find training button
INFO:root:Starting resource collection
ERROR:root:Error finding/clicking gold_collector.png: Failed to read gold_collector.png because file is missing, has improper permissions, or is an unsupported or invalid format
ERROR:root:Error finding/clicking elixir_collector.png: Failed to read elixir_collector.png because file is missing, has improper permissions, or is an unsupported or invalid format
ERROR:root:Error finding/clicking dark_elixir_collector.png: Failed to read dark_elixir_collector.png because file is missing, has improper permissions, or is an unsupported or invalid format
INFO:root:Training 5 barbarian
ERROR:root:Error finding/clicking train_troops_button.png: Failed to read train_troops_button.png because file is missing, has improper permissions, or is an unsupported or invalid format
ERROR:root:Couldn't find training button
INFO:root:Training 5 archer
ERROR:root:Error finding/clicking train_troops_button.png: Failed to read train_troops_button.png because file is missing, has improper permissions, or is an unsupported or invalid format
ERROR:root:Couldn't find training button
INFO:root:Starting resource collection
ERROR:root:Error finding/clicking gold_collector.png: Failed to read gold_collector.png because file is missing, has improper permissions, or is an unsupported or invalid format
ERROR:root:Error finding/clicking elixir_collector.png: Failed to read elixir_collector.png because file is missing, has improper permissions, or is an unsupported or invalid format
ERROR:root:Error finding/clicking dark_elixir_collector.png: Failed to read dark_elixir_collector.png because file is missing, has improper permissions, or is an unsupported or invalid format
INFO:root:Training 5 barbarian
ERROR:root:Error finding/clicking train_troops_button.png: Failed to read train_troops_button.png because file is missing, has improper permissions, or is an unsupported or invalid format
ERROR:root:Couldn't find training button
INFO:root:Training 5 archer
ERROR:root:Error finding/clicking train_troops_button.png: Failed to read train_troops_button.png because file is missing, has improper permissions, or is an unsupported or invalid format
ERROR:root:Couldn't find training button
INFO:root:Starting resource collection
ERROR:root:Error finding/clicking gold_collector.png: Failed to read gold_collector.png because file is missing, has improper permissions, or is an unsupported or invalid format
ERROR:root:Error finding/clicking elixir_collector.png: Failed to read elixir_collector.png because file is missing, has improper permissions, or is an unsupported or invalid format
ERROR:root:Error finding/clicking dark_elixir_collector.png: Failed to read dark_elixir_collector.png because file is missing, has improper permissions, or is an unsupported or invalid format
INFO:root:Training 5 barbarian
ERROR:root:Error finding/clicking train_troops_button.png: Failed to read train_troops_button.png because file is missing, has improper permissions, or is an unsupported or invalid format
ERROR:root:Couldn't find training button
INFO:root:Training 5 archer
ERROR:root:Error finding/clicking train_troops_button.png: Failed to read train_troops_button.png because file is missing, has improper permissions, or is an unsupported or invalid format
ERROR:root:Couldn't find training button
INFO:root:Starting resource collection
ERROR:root:Error finding/clicking gold_collector.png: Failed to read gold_collector.png because file is missing, has improper permissions, or is an unsupported or invalid format
ERROR:root:Error finding/clicking elixir_collector.png: Failed to read elixir_collector.png because file is missing, has improper permissions, or is an unsupported or invalid format
ERROR:root:Error finding/clicking dark_elixir_collector.png: Failed to read dark_elixir_collector.png because file is missing, has improper permissions, or is an unsupported or invalid format
INFO:root:Training 5 barbarian
ERROR:root:Error finding/clicking train_troops_button.png: Failed to read train_troops_button.png because file is missing, has improper permissions, or is an unsupported or invalid format
ERROR:root:Couldn't find training button
INFO:root:Training 5 archer
ERROR:root:Error finding/clicking train_troops_button.png: Failed to read train_troops_button.png because file is missing, has improper permissions, or is an unsupported or invalid format
ERROR:root:Couldn't find training button
INFO:root:Starting resource collection
ERROR:root:Error finding/clicking gold_collector.png: Failed to read gold_collector.png because file is missing, has improper permissions, or is an unsupported or invalid format
ERROR:root:Error finding/clicking elixir_collector.png: Failed to read elixir_collector.png because file is missing, has improper permissions, or is an unsupported or invalid format
ERROR:root:Error finding/clicking dark_elixir_collector.png: Failed to read dark_elixir_collector.png because file is missing, has improper permissions, or is an unsupported or invalid format
INFO:root:Training 5 barbarian
ERROR:root:Error finding/clicking train_troops_button.png: Failed to read train_troops_button.png because file is missing, has improper permissions, or is an unsupported or invalid format
ERROR:root:Couldn't find training button
INFO:root:Training 5 archer
ERROR:root:Error finding/clicking train_troops_button.png: Failed to read train_troops_button.png because file is missing, has improper permissions, or is an unsupported or invalid format
ERROR:root:Couldn't find training button
INFO:root:Starting resource collection
ERROR:root:Error finding/clicking gold_collector.png: Failed to read gold_collector.png because file is missing, has improper permissions, or is an unsupported or invalid format
ERROR:root:Error finding/clicking elixir_collector.png: Failed to read elixir_collector.png because file is missing, has improper permissions, or is an unsupported or invalid format
ERROR:root:Error finding/clicking dark_elixir_collector.png: Failed to read dark_elixir_collector.png because file is missing, has improper permissions, or is an unsupported or invalid format
INFO:root:Training 5 barbarian
ERROR:root:Error finding/clicking train_troops_button.png: Failed to read train_troops_button.png because file is missing, has improper permissions, or is an unsupported or invalid format
ERROR:root:Couldn't find training button
INFO:root:Training 5 archer
ERROR:root:Error finding/clicking train_troops_button.png: Failed to read train_troops_button.png because file is missing, has improper permissions, or is an unsupported or invalid format
ERROR:root:Couldn't find training button
INFO:root:Starting resource collection
ERROR:root:Error finding/clicking gold_collector.png: Failed to read gold_collector.png because file is missing, has improper permissions, or is an unsupported or invalid format
ERROR:root:Error finding/clicking elixir_collector.png: Failed to read elixir_collector.png because file is missing, has improper permissions, or is an unsupported or invalid format
ERROR:root:Error finding/clicking dark_elixir_collector.png: Failed to read dark_elixir_collector.png because file is missing, has improper permissions, or is an unsupported or invalid format
INFO:root:Training 5 barbarian
ERROR:root:Error finding/clicking train_troops_button.png: Failed to read train_troops_button.png because file is missing, has improper permissions, or is an unsupported or invalid format
ERROR:root:Couldn't find training button
INFO:root:Training 5 archer
ERROR:root:Error finding/clicking train_troops_button.png: Failed to read train_troops_button.png because file is missing, has improper permissions, or is an unsupported or invalid format
ERROR:root:Couldn't find training button
INFO:root:Starting resource collection
ERROR:root:Error finding/clicking gold_collector.png: Failed to read gold_collector.png because file is missing, has improper permissions, or is an unsupported or invalid format
ERROR:root:Error finding/clicking elixir_collector.png: Failed to read elixir_collector.png because file is missing, has improper permissions, or is an unsupported or invalid format
ERROR:root:Error finding/clicking dark_elixir_collector.png: Failed to read dark_elixir_collector.png because file is missing, has improper permissions, or is an unsupported or invalid format
INFO:root:Training 5 barbarian
ERROR:root:Error finding/clicking train_troops_button.png: Failed to read train_troops_button.png because file is missing, has improper permissions, or is an unsupported or invalid format
ERROR:root:Couldn't find training button
INFO:root:Training 5 archer
ERROR:root:Error finding/clicking train_troops_button.png: Failed to read train_troops_button.png because file is missing, has improper permissions, or is an unsupported or invalid format
ERROR:root:Couldn't find training button
INFO:root:Starting resource collection
ERROR:root:Error finding/clicking gold_collector.png: Failed to read gold_collector.png because file is missing, has improper permissions, or is an unsupported or invalid format
ERROR:root:Error finding/clicking elixir_collector.png: Failed to read elixir_collector.png because file is missing, has improper permissions, or is an unsupported or invalid format
ERROR:root:Error finding/clicking dark_elixir_collector.png: Failed to read dark_elixir_collector.png because file is missing, has improper permissions, or is an unsupported or invalid format
INFO:root:Training 5 barbarian
ERROR:root:Error finding/clicking train_troops_button.png: Failed to read train_troops_button.png because file is missing, has improper permissions, or is an unsupported or invalid format
ERROR:root:Couldn't find training button
INFO:root:Training 5 archer
ERROR:root:Error finding/clicking train_troops_button.png: Failed to read train_troops_button.png because file is missing, has improper permissions, or is an unsupported or invalid format
ERROR:root:Couldn't find training button
INFO:root:Starting resource collection
ERROR:root:Error finding/clicking gold_collector.png: Failed to read gold_collector.png because file is missing, has improper permissions, or is an unsupported or invalid format
ERROR:root:Error finding/clicking elixir_collector.png: Failed to read elixir_collector.png because file is missing, has improper permissions, or is an unsupported or invalid format
ERROR:root:Error finding/clicking dark_elixir_collector.png: Failed to read dark_elixir_collector.png because file is missing, has improper permissions, or is an unsupported or invalid format
INFO:root:Training 5 barbarian
ERROR:root:Error finding/clicking train_troops_button.png: Failed to read train_troops_button.png because file is missing, has improper permissions, or is an unsupported or invalid format
ERROR:root:Couldn't find training button
INFO:root:Training 5 archer
ERROR:root:Error finding/clicking train_troops_button.png: Failed to read train_troops_button.png because file is missing, has improper permissions, or is an unsupported or invalid format
ERROR:root:Couldn't find training button
INFO:root:Starting resource collection
ERROR:root:Error finding/clicking gold_collector.png: Failed to read gold_collector.png because file is missing, has improper permissions, or is an unsupported or invalid format
ERROR:root:Error finding/clicking elixir_collector.png: Failed to read elixir_collector.png because file is missing, has improper permissions, or is an unsupported or invalid format
ERROR:root:Error finding/clicking dark_elixir_collector.png: Failed to read dark_elixir_collector.png because file is missing, has improper permissions, or is an unsupported or invalid format
INFO:root:Training 5 barbarian
ERROR:root:Error finding/clicking train_troops_button.png: Failed to read train_troops_button.png because file is missing, has improper permissions, or is an unsupported or invalid format
ERROR:root:Couldn't find training button
INFO:root:Training 5 archer
ERROR:root:Error finding/clicking train_troops_button.png: Failed to read train_troops_button.png because file is missing, has improper permissions, or is an unsupported or invalid format
ERROR:root:Couldn't find training button
INFO:root:Starting resource collection
ERROR:root:Error finding/clicking gold_collector.png: Failed to read gold_collector.png because file is missing, has improper permissions, or is an unsupported or invalid format
ERROR:root:Error finding/clicking elixir_collector.png: Failed to read elixir_collector.png because file is missing, has improper permissions, or is an unsupported or invalid format
ERROR:root:Error finding/clicking dark_elixir_collector.png: Failed to read dark_elixir_collector.png because file is missing, has improper permissions, or is an unsupported or invalid format
INFO:root:Training 5 barbarian
ERROR:root:Error finding/clicking train_troops_button.png: Failed to read train_troops_button.png because file is missing, has improper permissions, or is an unsupported or invalid format
ERROR:root:Couldn't find training button
INFO:root:Training 5 archer
ERROR:root:Error finding/clicking train_troops_button.png: Failed to read train_troops_button.png because file is missing, has improper permissions, or is an unsupported or invalid format
ERROR:root:Couldn't find training button
INFO:root:Starting resource collection
ERROR:root:Error finding/clicking gold_collector.png: Failed to read gold_collector.png because file is missing, has improper permissions, or is an unsupported or invalid format
ERROR:root:Error finding/clicking elixir_collector.png: Failed to read elixir_collector.png because file is missing, has improper permissions, or is an unsupported or invalid format
ERROR:root:Error finding/clicking dark_elixir_collector.png: Failed to read dark_elixir_collector.png because file is missing, has improper permissions, or is an unsupported or invalid format
INFO:root:Training 5 barbarian
ERROR:root:Error finding/clicking train_troops_button.png: Failed to read train_troops_button.png because file is missing, has improper permissions, or is an unsupported or invalid format
ERROR:root:Couldn't find training button
INFO:root:Training 5 archer
ERROR:root:Error finding/clicking train_troops_button.png: Failed to read train_troops_button.png because file is missing, has improper permissions, or is an unsupported or invalid format
ERROR:root:Couldn't find training button
INFO:root:Starting resource collection
ERROR:root:Error finding/clicking gold_collector.png: Failed to read gold_collector.png because file is missing, has improper permissions, or is an unsupported or invalid format
ERROR:root:Error finding/clicking elixir_collector.png: Failed to read elixir_collector.png because file is missing, has improper permissions, or is an unsupported or invalid format
ERROR:root:Error finding/clicking dark_elixir_collector.png: Failed to read dark_elixir_collector.png because file is missing, has improper permissions, or is an unsupported or invalid format
INFO:root:Training 5 barbarian
ERROR:root:Error finding/clicking train_troops_button.png: Failed to read train_troops_button.png because file is missing, has improper permissions, or is an unsupported or invalid format
ERROR:root:Couldn't find training button
INFO:root:Training 5 archer
ERROR:root:Error finding/clicking train_troops_button.png: Failed to read train_troops_button.png because file is missing, has improper permissions, or is an unsupported or invalid format
ERROR:root:Couldn't find training button
INFO:root:Starting resource collection
ERROR:root:Error finding/clicking gold_collector.png: Failed to read gold_collector.png because file is missing, has improper permissions, or is an unsupported or invalid format
ERROR:root:Error finding/clicking elixir_collector.png: Failed to read elixir_collector.png because file is missing, has improper permissions, or is an unsupported or invalid format
ERROR:root:Error finding/clicking dark_elixir_collector.png: Failed to read dark_elixir_collector.png because file is missing, has improper permissions, or is an unsupported or invalid format
INFO:root:Training 5 barbarian
ERROR:root:Error finding/clicking train_troops_button.png: Failed to read train_troops_button.png because file is missing, has improper permissions, or is an unsupported or invalid format
ERROR:root:Couldn't find training button
INFO:root:Training 5 archer
ERROR:root:Error finding/clicking train_troops_button.png: Failed to read train_troops_button.png because file is missing, has improper permissions, or is an unsupported or invalid format
ERROR:root:Couldn't find training button
INFO:root:Starting resource collection
ERROR:root:Error finding/clicking gold_collector.png: Failed to read gold_collector.png because file is missing, has improper permissions, or is an unsupported or invalid format
ERROR:root:Error finding/clicking elixir_collector.png: Failed to read elixir_collector.png because file is missing, has improper permissions, or is an unsupported or invalid format
ERROR:root:Error finding/clicking dark_elixir_collector.png: Failed to read dark_elixir_collector.png because file is missing, has improper permissions, or is an unsupported or invalid format
INFO:root:Training 5 barbarian
ERROR:root:Error finding/clicking train_troops_button.png: Failed to read train_troops_button.png because file is missing, has improper permissions, or is an unsupported or invalid format
ERROR:root:Couldn't find training button
INFO:root:Training 5 archer
ERROR:root:Error finding/clicking train_troops_button.png: Failed to read train_troops_button.png because file is missing, has improper permissions, or is an unsupported or invalid format
ERROR:root:Couldn't find training button
INFO:root:Starting resource collection
ERROR:root:Error finding/clicking gold_collector.png: Failed to read gold_collector.png because file is missing, has improper permissions, or is an unsupported or invalid format
ERROR:root:Error finding/clicking elixir_collector.png: Failed to read elixir_collector.png because file is missing, has improper permissions, or is an unsupported or invalid format
ERROR:root:Error finding/clicking dark_elixir_collector.png: Failed to read dark_elixir_collector.png because file is missing, has improper permissions, or is an unsupported or invalid format
INFO:root:Training 5 barbarian
ERROR:root:Error finding/clicking train_troops_button.png: Failed to read train_troops_button.png because file is missing, has improper permissions, or is an unsupported or invalid format
ERROR:root:Couldn't find training button
INFO:root:Training 5 archer
ERROR:root:Error finding/clicking train_troops_button.png: Failed to read train_troops_button.png because file is missing, has improper permissions, or is an unsupported or invalid format
ERROR:root:Couldn't find training button
INFO:root:Starting resource collection
ERROR:root:Error finding/clicking gold_collector.png: Failed to read gold_collector.png because file is missing, has improper permissions, or is an unsupported or invalid format
ERROR:root:Error finding/clicking elixir_collector.png: Failed to read elixir_collector.png because file is missing, has improper permissions, or is an unsupported or invalid format
ERROR:root:Error finding/clicking dark_elixir_collector.png: Failed to read dark_elixir_collector.png because file is missing, has improper permissions, or is an unsupported or invalid format
INFO:root:Training 5 barbarian
ERROR:root:Error finding/clicking train_troops_button.png: Failed to read train_troops_button.png because file is missing, has improper permissions, or is an unsupported or invalid format
ERROR:root:Couldn't find training button
INFO:root:Training 5 archer
ERROR:root:Error finding/clicking train_troops_button.png: Failed to read train_troops_button.png because file is missing, has improper permissions, or is an unsupported or invalid format
ERROR:root:Couldn't find training button
INFO:root:Starting resource collection
ERROR:root:Error finding/clicking gold_collector.png: Failed to read gold_collector.png because file is missing, has improper permissions, or is an unsupported or invalid format
ERROR:root:Error finding/clicking elixir_collector.png: Failed to read elixir_collector.png because file is missing, has improper permissions, or is an unsupported or invalid format
ERROR:root:Error finding/clicking dark_elixir_collector.png: Failed to read dark_elixir_collector.png because file is missing, has improper permissions, or is an unsupported or invalid format
INFO:root:Training 5 barbarian
ERROR:root:Error finding/clicking train_troops_button.png: Failed to read train_troops_button.png because file is missing, has improper permissions, or is an unsupported or invalid format
ERROR:root:Couldn't find training button
INFO:root:Training 5 archer
ERROR:root:Error finding/clicking train_troops_button.png: Failed to read train_troops_button.png because file is missing, has improper permissions, or is an unsupported or invalid format
ERROR:root:Couldn't find training button
INFO:root:Starting resource collection
ERROR:root:Error finding/clicking gold_collector.png: Failed to read gold_collector.png because file is missing, has improper permissions, or is an unsupported or invalid format
ERROR:root:Error finding/clicking elixir_collector.png: Failed to read elixir_collector.png because file is missing, has improper permissions, or is an unsupported or invalid format
ERROR:root:Error finding/clicking dark_elixir_collector.png: Failed to read dark_elixir_collector.png because file is missing, has improper permissions, or is an unsupported or invalid format
INFO:root:Training 5 barbarian
ERROR:root:Error finding/clicking train_troops_button.png: Failed to read train_troops_button.png because file is missing, has improper permissions, or is an unsupported or invalid format
ERROR:root:Couldn't find training button
INFO:root:Training 5 archer
ERROR:root:Error finding/clicking train_troops_button.png: Failed to read train_troops_button.png because file is missing, has improper permissions, or is an unsupported or invalid format
ERROR:root:Couldn't find training button
INFO:root:Starting resource collection
ERROR:root:Error finding/clicking gold_collector.png: Failed to read gold_collector.png because file is missing, has improper permissions, or is an unsupported or invalid format
ERROR:root:Error finding/clicking elixir_collector.png: Failed to read elixir_collector.png because file is missing, has improper permissions, or is an unsupported or invalid format
ERROR:root:Error finding/clicking dark_elixir_collector.png: Failed to read dark_elixir_collector.png because file is missing, has improper permissions, or is an unsupported or invalid format
INFO:root:Training 5 barbarian
ERROR:root:Error finding/clicking train_troops_button.png: Failed to read train_troops_button.png because file is missing, has improper permissions, or is an unsupported or invalid format
ERROR:root:Couldn't find training button
INFO:root:Training 5 archer
ERROR:root:Error finding/clicking train_troops_button.png: Failed to read train_troops_button.png because file is missing, has improper permissions, or is an unsupported or invalid format
ERROR:root:Couldn't find training button
INFO:root:Starting resource collection
ERROR:root:Error finding/clicking gold_collector.png: Failed to read gold_collector.png because file is missing, has improper permissions, or is an unsupported or invalid format
ERROR:root:Error finding/clicking elixir_collector.png: Failed to read elixir_collector.png because file is missing, has improper permissions, or is an unsupported or invalid format
ERROR:root:Error finding/clicking dark_elixir_collector.png: Failed to read dark_elixir_collector.png because file is missing, has improper permissions, or is an unsupported or invalid format
INFO:root:Training 5 barbarian
ERROR:root:Error finding/clicking train_troops_button.png: Failed to read train_troops_button.png because file is missing, has improper permissions, or is an unsupported or invalid format
ERROR:root:Couldn't find training button
INFO:root:Training 5 archer
ERROR:root:Error finding/clicking train_troops_button.png: Failed to read train_troops_button.png because file is missing, has improper permissions, or is an unsupported or invalid format
ERROR:root:Couldn't find training button
INFO:root:Starting resource collection
ERROR:root:Error finding/clicking gold_collector.png: Failed to read gold_collector.png because file is missing, has improper permissions, or is an unsupported or invalid format
ERROR:root:Error finding/clicking elixir_collector.png: Failed to read elixir_collector.png because file is missing, has improper permissions, or is an unsupported or invalid format
ERROR:root:Error finding/clicking dark_elixir_collector.png: Failed to read dark_elixir_collector.png because file is missing, has improper permissions, or is an unsupported or invalid format
INFO:root:Training 5 barbarian
ERROR:root:Error finding/clicking train_troops_button.png: Failed to read train_troops_button.png because file is missing, has improper permissions, or is an unsupported or invalid format
ERROR:root:Couldn't find training button
INFO:root:Training 5 archer
ERROR:root:Error finding/clicking train_troops_button.png: Failed to read train_troops_button.png because file is missing, has improper permissions, or is an unsupported or invalid format
ERROR:root:Couldn't find training button
INFO:root:Starting resource collection
ERROR:root:Error finding/clicking gold_collector.png: Failed to read gold_collector.png because file is missing, has improper permissions, or is an unsupported or invalid format
ERROR:root:Error finding/clicking elixir_collector.png: Failed to read elixir_collector.png because file is missing, has improper permissions, or is an unsupported or invalid format
ERROR:root:Error finding/clicking dark_elixir_collector.png: Failed to read dark_elixir_collector.png because file is missing, has improper permissions, or is an unsupported or invalid format
INFO:root:Training 5 barbarian
ERROR:root:Error finding/clicking train_troops_button.png: Failed to read train_troops_button.png because file is missing, has improper permissions, or is an unsupported or invalid format
ERROR:root:Couldn't find training button
INFO:root:Training 5 archer
ERROR:root:Error finding/clicking train_troops_button.png: Failed to read train_troops_button.png because file is missing, has improper permissions, or is an unsupported or invalid format
ERROR:root:Couldn't find training button
INFO:root:Starting resource collection
ERROR:root:Error finding/clicking gold_collector.png: Failed to read gold_collector.png because file is missing, has improper permissions, or is an unsupported or invalid format
ERROR:root:Error finding/clicking elixir_collector.png: Failed to read elixir_collector.png because file is missing, has improper permissions, or is an unsupported or invalid format
ERROR:root:Error finding/clicking dark_elixir_collector.png: Failed to read dark_elixir_collector.png because file is missing, has improper permissions, or is an unsupported or invalid format
INFO:root:Training 5 barbarian
ERROR:root:Error finding/clicking train_troops_button.png: Failed to read train_troops_button.png because file is missing, has improper permissions, or is an unsupported or invalid format
ERROR:root:Couldn't find training button
INFO:root:Training 5 archer
ERROR:root:Error finding/clicking train_troops_button.png: Failed to read train_troops_button.png because file is missing, has improper permissions, or is an unsupported or invalid format
ERROR:root:Couldn't find training button
INFO:root:Starting resource collection
ERROR:root:Error finding/clicking gold_collector.png: Failed to read gold_collector.png because file is missing, has improper permissions, or is an unsupported or invalid format
ERROR:root:Error finding/clicking elixir_collector.png: Failed to read elixir_collector.png because file is missing, has improper permissions, or is an unsupported or invalid format
ERROR:root:Error finding/clicking dark_elixir_collector.png: Failed to read dark_elixir_collector.png because file is missing, has improper permissions, or is an unsupported or invalid format
INFO:root:Training 5 barbarian
ERROR:root:Error finding/clicking train_troops_button.png: Failed to read train_troops_button.png because file is missing, has improper permissions, or is an unsupported or invalid format
ERROR:root:Couldn't find training button
INFO:root:Training 5 archer
ERROR:root:Error finding/clicking train_troops_button.png: Failed to read train_troops_button.png because file is missing, has improper permissions, or is an unsupported or invalid format
ERROR:root:Couldn't find training button
INFO:root:Starting resource collection
ERROR:root:Error finding/clicking gold_collector.png: Failed to read gold_collector.png because file is missing, has improper permissions, or is an unsupported or invalid format
ERROR:root:Error finding/clicking elixir_collector.png: Failed to read elixir_collector.png because file is missing, has improper permissions, or is an unsupported or invalid format
ERROR:root:Error finding/clicking dark_elixir_collector.png: Failed to read dark_elixir_collector.png because file is missing, has improper permissions, or is an unsupported or invalid format
INFO:root:Training 5 barbarian
ERROR:root:Error finding/clicking train_troops_button.png: Failed to read train_troops_button.png because file is missing, has improper permissions, or is an unsupported or invalid format
ERROR:root:Couldn't find training button
INFO:root:Training 5 archer
ERROR:root:Error finding/clicking train_troops_button.png: Failed to read train_troops_button.png because file is missing, has improper permissions, or is an unsupported or invalid format
ERROR:root:Couldn't find training button
INFO:root:Starting resource collection
ERROR:root:Error finding/clicking gold_collector.png: Failed to read gold_collector.png because file is missing, has improper permissions, or is an unsupported or invalid format
ERROR:root:Error finding/clicking elixir_collector.png: Failed to read elixir_collector.png because file is missing, has improper permissions, or is an unsupported or invalid format
ERROR:root:Error finding/clicking dark_elixir_collector.png: Failed to read dark_elixir_collector.png because file is missing, has improper permissions, or is an unsupported or invalid format
INFO:root:Training 5 barbarian
ERROR:root:Error finding/clicking train_troops_button.png: Failed to read train_troops_button.png because file is missing, has improper permissions, or is an unsupported or invalid format
ERROR:root:Couldn't find training button
INFO:root:Training 5 archer
ERROR:root:Error finding/clicking train_troops_button.png: Failed to read train_troops_button.png because file is missing, has improper permissions, or is an unsupported or invalid format
ERROR:root:Couldn't find training button
INFO:root:Starting resource collection
ERROR:root:Error finding/clicking gold_collector.png: Failed to read gold_collector.png because file is missing, has improper permissions, or is an unsupported or invalid format
INFO:root:Automation stopped by user
INFO:root:Automation routine completed
