2024-12-21 18:30:29,235 - Collected gold
2024-12-21 18:30:30,902 - Detection error for elixir: 
2024-12-21 18:30:32,177 - Collected dark_elixir
2024-12-21 18:30:39,269 - Collected elixir
2024-12-21 18:35:43,843 - Detection error for gold: 
2024-12-21 18:35:44,055 - Detection error for elixir: 
2024-12-21 18:35:44,273 - Detection error for dark_elixir: 
2024-12-21 18:35:50,042 - Detection error for gold: 
2024-12-21 18:35:50,283 - Detection error for elixir: 
2024-12-21 18:35:50,545 - Detection error for dark_elixir: 
2024-12-21 18:35:55,350 - Detection error for gold: 
2024-12-21 18:35:55,594 - Detection error for elixir: 
2024-12-21 18:35:55,837 - Detection error for dark_elixir: 
2024-12-21 18:36:01,835 - Detection error for gold: 
2024-12-21 18:36:02,061 - Detection error for elixir: 
2024-12-21 18:36:02,273 - Detection error for dark_elixir: 
2024-12-21 18:36:07,002 - Detection error for gold: 
2024-12-21 18:36:07,243 - Detection error for elixir: 
2024-12-21 18:36:07,466 - Detection error for dark_elixir: 
2024-12-21 18:36:12,741 - Detection error for gold: 
2024-12-21 18:36:12,951 - Detection error for elixir: 
2024-12-21 18:36:13,169 - Detection error for dark_elixir: 
2024-12-21 18:36:17,714 - Detection error for gold: 
2024-12-21 18:36:17,922 - Detection error for elixir: 
2024-12-21 18:36:18,145 - Detection error for dark_elixir: 
2024-12-21 18:36:23,239 - Detection error for gold: 
2024-12-21 18:36:23,494 - Detection error for elixir: 
2024-12-21 18:36:23,737 - Detection error for dark_elixir: 
2024-12-21 18:36:29,619 - Detection error for gold: 
2024-12-21 18:36:29,845 - Detection error for elixir: 
2024-12-21 18:36:30,071 - Detection error for dark_elixir: 
2024-12-21 18:36:35,883 - Detection error for gold: 
2024-12-21 18:36:36,073 - Detection error for elixir: 
2024-12-21 18:36:36,276 - Detection error for dark_elixir: 
2024-12-21 18:36:42,205 - Detection error for gold: 
2024-12-21 18:36:42,425 - Detection error for elixir: 
2024-12-21 18:36:42,639 - Detection error for dark_elixir: 
2024-12-21 18:47:34,636 - Collected gold
2024-12-21 18:47:37,261 - Collected elixir
2024-12-21 18:47:38,870 - Detection error for dark_elixir: 
2024-12-21 18:47:45,075 - Detection error for dark_elixir: 
2024-12-21 18:47:50,219 - Detection error for dark_elixir: 
2024-12-21 18:47:55,623 - Detection error for dark_elixir: 
2024-12-21 18:48:01,077 - Detection error for dark_elixir: 
2024-12-21 18:48:05,520 - Detection error for dark_elixir: 
2024-12-21 18:48:09,934 - Detection error for dark_elixir: 
2024-12-21 18:48:15,472 - Detection error for dark_elixir: 
2024-12-21 18:48:20,521 - Detection error for dark_elixir: 
2024-12-21 18:48:24,896 - Detection error for dark_elixir: 
2024-12-21 18:48:30,828 - Detection error for dark_elixir: 
2024-12-21 19:32:12,595 - Collected gold
2024-12-21 19:32:15,862 - Collected elixir
2024-12-21 19:32:17,611 - Detection error for dark_elixir: 
2024-12-21 19:32:22,094 - Detection error for dark_elixir: 
2024-12-21 19:32:26,687 - Detection error for dark_elixir: 
2024-12-21 19:32:32,307 - Detection error for dark_elixir: 
